77036469971883102618122504468211071141845472811250
42805809183279377148791910912568766646124703242261
259444263516750310723715444638348958612072835539728
184120508542923969865915116769995886205879684549014
33804055780776102732406612601239629196794244042934
125819703782408947612464892134321376585008710180396
96384939321823897220600647649835701912507780458349
56512041645512725724211643921577734702149670491057
16865026750653923853585058870419258041227395718151
186037440735875535073901103221246684989623760972728
42376134647256733372209352814294314795144510723518
21139491481747523049698426516245444296331081489319
111438733724394506372691479293138954040250939079915
80971065854862932668945420482700552485458312178471
54771567877348310455812509721792069129062043217589
234966913077239925421482130682898487903194281342348
638628209651794808786296324005063326940539547610979
31126227674535102682100196581948051862540128334691
8463704089866770401383235360484907279935439123681
96960317222413454938037183130116122452990740135379
64280513970819865037724615953189853959215427796233
36262386752190186323702430872222949080998659871746
776294583280643700297262663049727766184426084871682
536269165061149848211083742938239710787961357827933
30002135333077772292766308184221038249178528921296
109913502858277360008923067673960209422587480852208
82762591059788073519209380696955350566163480533320
49495943595704071461041051063365789565659328851730
35161520970965017573742541462147860012802956065658
675374432911187512175418259866764304518863171343506
425196242043479607366646888318936080563922965833502
18824782713529726076515893795669446976039410175151
101156545679851024162978341516268967208650502133329
122568628759667767448980786790403641570150007791788
92280172466393870569597749693255556226702163728861
456532096821846231690634138150285083933724347434516
575792738952541776176258328947678285104224205520237
322133232479260114351323632234630869136460404620499
7773620324894487443697266381938796622424647508846
136568190842667775186459196421497608734049588837943
96857971092493747289702799533553921681203429715048
57712942165448687081871180157568718735933169933992
404911261589378533167289251741857468357077969235288
497104114358528828324285270767991110288822243882796
452846292068980590947829535189059929650635914864102
147186278042568141699699050555531801013201781508315
116107885044733706095053975101567646733434704834461
71078660116673164850089993101358186321025239565999
22330852146493543890580959680765146321936291341898
330124208793610418908893395323751964847304160756702
104958002017941716276358467680173076175437797141369
111435385169220852057927994022172284230957370022370
80942604062530913301858301571228933345512916550059
54539692977408346216105546427641963774042842512534
222482415678834754021350910841411965375889402482605
191851646801891320977051974633965485200693935273365
106870901875022836602008441506421120803297040847871
8463414415590054220545701619387442112610684938595
96922313892239910193635372364215515096939273789692
63985693455872509945942232206939448550694907409739
34251485600861181376490126874371204858897580621586
208102453134001890786087302798267233821629999905735
536252875652935752735235353259638393846022313166496
30001224005219346359198045613578658912333369730013
109875882778166442276432228983139209618494159488889
82438074918946713407696660388786895020472623074775
47215345431552953384372739962873547278334886949861
14518022207251196795238389031552073738860082281986
675171592110861593039037153283302805208290353248620
423775505889003136607022436012897312963450813028880
18761882229572625449072899368828775705667867992471
97346767676712248610756965175499898130693312101464
69495326129483016444112997323810987170701210117481
47706975269952389551873063750917912044752899090095
456460691705262964186553196212484063190384266956689
574063365685272641007958172946588811503536301296280
311366312457954212594411235369356850405976576637916
7513796314616070739657061364832216647472607750362
84956897748026731806311348230183432530817165605372
57167600548354728495225876066076282972960811144087
57707010963244667743956003415933177730488446284557
404277943440531038200092331505140338579960454989027
482169756963604220993994756403393696915055517280451
301027204370084109913284746300028572156180059295048
97841468512457319175353680374030619621474236589877
74802405511634569440164523175361947775220623899778
71144150547124093490416062928345042151006927334318
23105974319473374386576485355267654727110975839554
352166030517165791000254763643304743414436748009170
392826160084367517396192291960650259469305745577084
283188359622594411187847363189520868890344025565223
130358352609388187264493152892788025168447629836887
97498808738842709708458675213550500471012777972591
68561661408607913183553694465233150109571124014528
299309398885177835039985587464661884946323563998511
289790620388016766676781425721041983569835142359081
174131965248784055356771688470923917303398875727965
9691635327859107614759794843312105631010521062880
113372614796042693718674094106946101615470008755848
76993523418352166623047254643151667908226308858470
