96
96
96
810
810
810
112
112
112
921
921
921
96
96
96
68790
68790
68790
19541
19541
19541
54077
54077
54077
500410
500410
500410
1242707
1242707
1242707
416648
416648
416648
8785433
8785433
8785433
41598532
41598532
41598532
454101
454101
454101
176147726
176147726
176147726
1572970950
1572970950
1572970950
83353784
83353784
83353784
109321761395
109321761395
109321761395
7637159016
7637159016
7637159016
49814876862
49814876862
49814876862
11851430443
11851430443
11851430443
686419756611
686419756611
686419756611
5175143278390
5175143278390
5175143278390
16946619911738
16946619911738
16946619911738
24173104963896
24173104963896
24173104963896
23780501911995
23780501911995
23780501911995
119111520298712
119111520298712
119111520298712
1784809276911435
1784809276911435
1784809276911435
2362014034974302
2362014034974302
2362014034974302
2176173971164914
2176173971164914
2176173971164914
141395641205870822
141395641205870822
141395641205870822
73285468223140504
73285468223140504
73285468223140504
90748792067617737
90748792067617737
90748792067617737
73204746554387372
73204746554387372
73204746554387372
14137773868068305955
14137773868068305955
14137773868068305955
390142378048789160271
390142378048789160271
390142378048789160271
5790522258226084550
5790522258226084550
5790522258226084550
13939917070513983074
13939917070513983074
13939917070513983074
12356511840989166364
12356511840989166364
12356511840989166364
670335062373399337385
670335062373399337385
670335062373399337385
225728546250811382406
225728546250811382406
225728546250811382406
7461071716015300083897
7461071716015300083897
7461071716015300083897
39343314889229529703766
39343314889229529703766
39343314889229529703766
129304515957908914898823
129304515957908914898823
129304515957908914898823
91257617009522982860789
91257617009522982860789
91257617009522982860789
4358037900664034217760952
4358037900664034217760952
4358037900664034217760952
1731031352658352487882834
1731031352658352487882834
1731031352658352487882834
26060776331588054320900664
26060776331588054320900664
26060776331588054320900664
12137101403757404860032491
12137101403757404860032491
12137101403757404860032491
63465652850550969689503272
63465652850550969689503272
63465652850550969689503272
2172558826891212132268497973
2172558826891212132268497973
2172558826891212132268497973
899648406222788585615769443
899648406222788585615769443
899648406222788585615769443
1687035132081679302305695156
1687035132081679302305695156
1687035132081679302305695156
5065346006458437507984157133
5065346006458437507984157133
5065346006458437507984157133
3526384731982105036494917254
3526384731982105036494917254
3526384731982105036494917254
226797930060139860814769808037
226797930060139860814769808037
226797930060139860814769808037
137295974735730812229735179463
137295974735730812229735179463
137295974735730812229735179463
103669987733254715899400044231
103669987733254715899400044231
103669987733254715899400044231
379470331972802085424047777292
379470331972802085424047777292
379470331972802085424047777292
3699770013669440162126640392484
3699770013669440162126640392484
3699770013669440162126640392484
9304342092028774517034030310763
9304342092028774517034030310763
9304342092028774517034030310763
355271831385746011869140491809737
355271831385746011869140491809737
355271831385746011869140491809737
786502850825071235103022854976567
786502850825071235103022854976567
786502850825071235103022854976567
6896754749753193986417739218636336
6896754749753193986417739218636336
6896754749753193986417739218636336
250829973774192142268974279520256
250829973774192142268974279520256
250829973774192142268974279520256
890484701789868873168081875869706
890484701789868873168081875869706
890484701789868873168081875869706
6724255001892848482466915995154878
6724255001892848482466915995154878
6724255001892848482466915995154878
70819355015602915491726214279812066
70819355015602915491726214279812066
70819355015602915491726214279812066
68835052348861639702182462861781582
68835052348861639702182462861781582
68835052348861639702182462861781582
1277461949918350860866482394943408853
1277461949918350860866482394943408853
1277461949918350860866482394943408853
2241773383684124932012309220892958190
2241773383684124932012309220892958190
2241773383684124932012309220892958190
125429632291117075123238125155691242412
125429632291117075123238125155691242412
125429632291117075123238125155691242412
24208665680800796221294289461332936316
24208665680800796221294289461332936316
24208665680800796221294289461332936316
975360947646462424152093113929074150120
975360947646462424152093113929074150120
975360947646462424152093113929074150120
53819780137147567755393059663601201318
53819780137147567755393059663601201318
53819780137147567755393059663601201318
1309066049405363616406108584336971187183
1309066049405363616406108584336971187183
1309066049405363616406108584336971187183
391548725665365184889761656034594655094
391548725665365184889761656034594655094
391548725665365184889761656034594655094
18953628712821727204594018293095994892891
18953628712821727204594018293095994892891
18953628712821727204594018293095994892891
4503528678597326849625537684132190530396
4503528678597326849625537684132190530396
4503528678597326849625537684132190530396
29453430087905405507502413266229877850932
29453430087905405507502413266229877850932
29453430087905405507502413266229877850932
72219451772319780825251013442640228849166
72219451772319780825251013442640228849166
72219451772319780825251013442640228849166
228621776146955813506432123324583337449885
228621776146955813506432123324583337449885
228621776146955813506432123324583337449885
2882191519405928348727624049740968066230343
2882191519405928348727624049740968066230343
2882191519405928348727624049740968066230343
3006342858130141584021578110025043497989599
3006342858130141584021578110025043497989599
3006342858130141584021578110025043497989599
3341957579828678451385243292669297456899308
3341957579828678451385243292669297456899308
3341957579828678451385243292669297456899308
93267450183337314151430263821167525989595535
93267450183337314151430263821167525989595535
93267450183337314151430263821167525989595535
380345867243072210930103872013054399904330691
380345867243072210930103872013054399904330691
380345867243072210930103872013054399904330691
706420637111391612718811296089248764627885023
706420637111391612718811296089248764627885023
706420637111391612718811296089248764627885023
1255077972268319189511766710500735219654552158
1255077972268319189511766710500735219654552158
1255077972268319189511766710500735219654552158
65590589160362828580267507586266293449720815335
65590589160362828580267507586266293449720815335
65590589160362828580267507586266293449720815335
3167821195605819458384786363458125773138343606
3167821195605819458384786363458125773138343606
3167821195605819458384786363458125773138343606
98657500841313155974247467960529024619708097316
98657500841313155974247467960529024619708097316
98657500841313155974247467960529024619708097316
155318483438473068723965964137988050537206733773
155318483438473068723965964137988050537206733773
155318483438473068723965964137988050537206733773
10450657376197206382289297611476771654486972484351
10450657376197206382289297611476771654486972484351
10450657376197206382289297611476771654486972484351
426605178172151093779040749447737893509590869965
426605178172151093779040749447737893509590869965
426605178172151093779040749447737893509590869965
1362989046477059499971248079836003432682376024547
1362989046477059499971248079836003432682376024547
1362989046477059499971248079836003432682376024547
10431843162762310473951251044909312806231508054330
10431843162762310473951251044909312806231508054330
10431843162762310473951251044909312806231508054330
84081204275570380707281019053017231233783692069115
84081204275570380707281019053017231233783692069115
84081204275570380707281019053017231233783692069115
36975863687726238219249619008930147599080518818706
36975863687726238219249619008930147599080518818706
36975863687726238219249619008930147599080518818706
2140200640549522845999757688910815356653713871101335
2140200640549522845999757688910815356653713871101335
2140200640549522845999757688910815356653713871101335
