168324920995262664377678215122971816995913692350728064
3722623111862006884442149369277512575183792635291476304305498284702990919157047677205788004992
8686735054998194382900395046910201372801238437400884174099
335800301429226000298522122303699810068202299407353
58334213088599863
3316859821371998501552216903383202424580766
78648859051346673184407668509897974929710730835505938120726492625415325042662192922102413238
6917822577879
5439815192657831983815908469
91255556577826380953951846303957064018491691
82469553
40761701987811738499194879155373589145133
15236583335656716657118220126559533090973421594417396269361822767923446179
2176654762236673808159745732365647584424774513488199467051688966846206597
22985525852715067856445740504633217279041214578848950296789606818321011577547682809018981602545225
4186643211419200328507786573317856728753722418
268084547087255002376231501493927
591898318
44356303925991426340466533501583957983586987436681010080308902118658171756292618632718609516634
354850431407931410723732268012671663868695899493448080642471216949265374050340949061748876133072
163016040302361683357604465902941304649972212066177812453930614646
3253009355981661515889156995979
975483689069073777497039939806338065640
73752316683232455727610708562287
34249708484275241212172516463891373563316578733782705846330401695327514088573
322660661859
25543149901814667897155325604575980178987898434971090541689854334267622710575184674956773349
9815427639469271400708820697612569112154
9871
12274213938185721876588872449655813416920705566477248005252889016751560183248187754126803286403037
103449245937717155549045320625431229167543723658998290626308869876659047917
8727961820748101194327219418233423756257299450527804141755
450709716628559015011
4523614066572552862767178740563149487307381151127576
1627
4258268308961106375449688542624500528830671599456746134215814055563334388725445482
48257889037584112012117787564890242349080191956412112583194187999113933733412556358735727971478232
8042981506264018668686297927481707058180031992735352097199031333185655622235426059789287995246372
969971302171335019069933078640460385446598479081538363
44723767
404897523744162517755562061714
36666444516560094352467231138725364299041856126950222216
409644256706633
2369728240661497313406448608456243156611056888323347
7550636850764042770240964688151097160260119
70164433934419319755234
91503262569158529795114295484
546910186389216769155145623144782586760
1859322568015569845492901033925546447091573218582909527941422032973709932105882374469651888800
204276265437878471269270603595423692275496947767843279272843554490629524511742735054894736
137655518827105
149755541553408684957202492888819611796354483593039565707416317635116762481450315120471955266690
190401498517349515297123816740633391372
8994
120968118484919788651958710210349864710214752224644934497482134881129413289020364561720874
75584984794460
5499831386105192288827300
2463
735695637
66022198448137392687279178110251083568475141
13422
7821023193659140947495227812199179933246403259155396448369879065137089824797746176635974
25105984343455535817439418957610393528538836727486247015068
1187593389806204742601740263788676622911940350640939
281312344384342155711818329647697190304
74563661356754823001856294913561140706666289960270656
132353905894059259636120689852942327855712351517128334377165791348397377466086720
7437663676483
43133902960688528174222879976846295627121456944279685
17458706026756445909685756007908399232851172426938868181860
2278347682091208524607275166944551
61969834688295743021404026707118528776766915283919395576085413226534679953318966713523657343981151
39348541659993901439927389941407223395417140163931919701021838150135140425200273122
7390842433670603275612873308660289639
22172527301011809826838619925980868917
2732713296191638217550868340774531388975437171526444351965074905461961790633446
87164716909
87327521980092175839795550229813778690613
5804832762589751965483
51733289173853113928979835688583172102019013101302689804316
733195741398875991438706672755853337359462661462732989043013652307346269220139532
9093
24009214276841773352396087226131386646537784
75157682538928308753578292489851619302618477436267260639955338679971172561538277087934240
62703940474713401416962917151616472138
41062158427670193821571607422364938302214474617912775897739879410202902
72230796124140712902975909423656895492754197467946524611024116768654617088005298359946
39163
24711359514227752593644953792586082201902794861114317394018496655687455613662530
10944011471242812572191472577624821673295807069776659658528653
45522847404310077587385672797841164207
8277817117783243952543108260494111689857109952657419
165306165342795271999570905970207727076935491972589245802328473257037415720139743647004889530621
4686170150388
983057655652863778446648533348974617370842403597638904370493826793564597724
36195
502641942650029800244330778355462725574568056787243150073325
9603014560820738143340036159115108804801448186728820080767947754757602490657150
78017
894928006459779717084490023307700323646
