42
42
2286144
-720
-720
2123366400
-50610
-50610
4981382073801000000
35529252
35529252
731277656527035771930109411584
-1342976245
-1342976245
132903710485183464661627013690445690025
38310825390
38310825390
5292079980861795786360771822400426767562500
20084401234296
20084401234296
46965951077674122055526013691008394063504936735604736
5954739197590400
5954739197590400
2216198134567331678403588672391816467215973927830414122024960000
141050347257484386
141050347257484386
27645299486257359062044875012303935846072919960559721371170387365316
-16222997385809323340
-16222997385809323340
655222699337507255604791346817811130475853415853353014119397022905507112250000
-5295491543853977522496
-5295491543853977522496
403014644343834711812846952266670414752133642319787241469233706554453291463487990071296
-716119143604045089410080
-716119143604045089410080
162193736174178923357039666349165459989502045192602054785596574243131647405074569194635264000000
-8767940436661599059697432
-8767940436661599059697432
3524870100173143060039722052048552166104850640708884762241658232479015930460152936810430943985926144
2842125852328777368732549795
2842125852328777368732549795
92757214732661365636607946895280463689618819165409088161443144868377860110056266644993979388845896486866570025
-74053339996069469321680159536
-74053339996069469321680159536
182006123612017794285749228392488357609429729513132592354745645152983756194436427697731977406079872658523542257176576
-38671467307319689596929242076465
-38671467307319689596929242076465
1090663772804315875190534962542773150025225068191965485937217238119208926399617957048147995130163225405868814880848388200886225
-480525343628313008293192156246402
-480525343628313008293192156246402
33773131673053511363468706156849614047482845778549389692344749720800508347705552844558759255028467722194859114411848459598043627584
-360138431409550210845580326462901408
-360138431409550210845580326462901408
3456718108462475231119548472720503057383396979337528920300613122799180488145273826297845380940088893157586208784841639937548135149087620071424
65810092204635378517965156752182106120
65810092204635378517965156752182106120
37302728789882236200848931604474996837289644952479956797184479926742881228188314504200224129339304220640930657122659023620902558970856010250079769000000
-382121403116720485161214102171212197820
-382121403116720485161214102171212197820
173375197884793298824276215268772693811493358586414802547814865414614284539717512909536603977737721741319071908310017286382225859728824599775930025810250000
-245480101998614484449436953600446657501200
-245480101998614484449436953600446657501200
31163397274245010027857654567789803267954344176505688743348116194363513288745650167213364692301916924524199510378874393862908778795398532082933419761695632479395840000
-21370819314946528683227551884541088833570404
-21370819314946528683227551884541088833570404
1502932585350224364808784562285393928222133765410166935927962552957630150113642767767195664760622483312451604905467871104158751378605632245051543676848082357508508498680549376
-5813318143249991991926280639332398551372043217
-5813318143249991991926280639332398551372043217
3269034164043871662120008040638798186513269237886473086553162323394813123566636126742963898677021939145474639533064426348402020703818669128341258809347323753541022882773311874546421729
-640607591302139830683042912968253129727528483424
-640607591302139830683042912968253129727528483424
377540563169393892578483450736227089257371803240530128613002970792495827935164114849628836209194944127943150129640096592009978165120179796849468551797381827705967739005868354141262035636453376
15173984691659274903446688358669326730602412445894
15173984691659274903446688358669326730602412445894
1319425012227867830945997443402541352796244580370243711657960646065262249038657615972769429827019037789872868020787982270177079367950503993913262797877907944758198188883326604907010048209473257553316
-195170869222586422217458558268829431526991512983136
-195170869222586422217458558268829431526991512983136
1580858288705150396181577589281802209201446036784736723129516995538274536846316656857322601633775906380611724627533667843538170335463977800951858542027167776195848339172816333352957352955631968787581894656
330620205132720907502566008032730448325439578717149917
330620205132720907502566008032730448325439578717149917
62273393829255035951901140336788546715008876307624982720705145306274053971528036681567496371301067711547704428395195215224047366580752452842747103191791217574569863444836923774784833207278018592302363068138004039609
-2709501384734545498672304737233877230921965164707529580
-2709501384734545498672304737233877230921965164707529580
931472092575887760463202503397850760636291689318376668161921211718985324885246814337152250735881462362007654677063732881273909178019334261467078800614553353640203189448468212428143676988843211991622455543452770848400
-1317519150251747290681330795162723681975615194316864270008
-1317519150251747290681330795162723681975615194316864270008
20058292989268147745999915776374755853754708102610175648259524632324465265803523653770256514527656086714299586361121284106374976482700061431625849991880236541841505873196983377137795978930612854557921871576380748649013286817761344
-604998855442763978379493564128194385363565085387460122052255
-604998855442763978379493564128194385363565085387460122052255
142892962945639244712504202494930450173443150395725137060277042078349216849068412390679236626918141053569079855867911597615351281215218098705972137827728792718355146781023067063444399921093653339290140581484554646968375786028875621807161025
25308372910566205464664284899927361580162771144192020973573248
25308372910566205464664284899927361580162771144192020973573248
570333718539141550503604464681001980641301283004463408396242878750313014299208760339838926244762924312612660427858766153293086392269276177429960014549123136842453585441501340739338198981604520238428608813361124090723735992442939825714961332568064
-2225216324699047454432560506227642719322158860008964071671362894
-2225216324699047454432560506227642719322158860008964071671362894
275578183403552752388071857547330638795307122104771694009022190327059151421441354214252627464237040902961239506127969979483976117447132541099550568317378071558971207294180812942185313950474506217999058935327927858811205533762996589396607506345832444493956
87628930121510583358420391731889239369632037733687016566569911260
87628930121510583358420391731889239369632037733687016566569911260
378697641307170750007671346611707904031334144170820421321560198879220649644176692291272068346678462669842068098414613012264642070133986421782231215478827261258078399166979691640388095444802314225271254587628319809733426770188340145201864477683191109727076000000
-26286187128556019991092913552978358404383918214135625613771428860880
-26286187128556019991092913552978358404383918214135625613771428860880
697220534990930165049471740543965651824242419293385336713248830952024713809385841272236321892454416556168283022416084480173764905327905351665737443634728241958562363913538805980225104210530042618947709180370423221382374667281436674369694298992018721608046518405184000000
1674093815692956974217542336974058474730547345198206705402002146645428
1674093815692956974217542336974058474730547345198206705402002146645428
15777462754792868187173740580411732200866693644004737319859027214593241769142958200251431271766093436174211417026539577814916143696517460077837555795719102035472035527592559774544526062348697600577525323911630441298931384198456259974812403528410168433992710134218661033726236304
163578516411093066976216831531407410801233568763992352906891639231687288
163578516411093066976216831531407410801233568763992352906891639231687288
7827475287211414570419857611520899777347160259943228431265449934812139265978021324429880526940102037504016539119834136478554003894367392563475887835821562246345952511339338142187017972979745247883472037405112755955632213618065462881574663585124708201146749785730417842379615857347706944
2160495143273108337587982718423838337786002292759798439708117834144316021
2160495143273108337587982718423838337786002292759798439708117834144316021
166339722578729553332412122126286515904547616517617320692225433732214224133024473859133863188974026686700293565502643713190061950364888999077240951520370487347131371976701298308958150034234963566670693580063947781668057237579581735221423172381869545136940826720429451947571635224170815616921
-5841165250304911502995996207483142814898715091104812827727400335858410715209
-5841165250304911502995996207483142814898715091104812827727400335858410715209
2788584740720767537346319644289288905957377926080261990058798334115206903729523961424885427308807565798330445092300841153099753124085289280102746025293313886734473722496751050787596402193684863296443777687579099474427244395708651066909197263844152061187208744662718724255645626310336873263819127061782881
80629066423461399720974790968418207851030534591555821369920586759785993044606
80629066423461399720974790968418207851030534591555821369920586759785993044606
708639067007515935990242004640076481354152845353316708426490494977530286772859219856929268146836449381357207657486821539189588919875231018688537552461380646715731725769056833348165375521932568859825731282379483335504685183460354554863251796610098268989917341616103783345006414891143738202558355134462998916
12765152764477136601546433714115863532966769012228578637994344983324111522414024
12765152764477136601546433714115863532966769012228578637994344983324111522414024
590187659748437743825911955164645327756804538352089254151745219250403328994357681154565893189369442663370961854636350245058619324349160363038056764509790737877754984593329439285546578519675149759230495194583255634796038169546295763530671438733156571923501988098605535081641542867658031906819705434922907499760709600256
1139915374252951710286553450510003317758046773360280572374978655590428278128908334
1139915374252951710286553450510003317758046773360280572374978655590428278128908334
11195395437495805027126895521273687535273999184051064568434684363280975119011548280773665373717328582213820404614135210336994319998006916458120900042756188840788024812704450673368299573256291202434624482952069588792731743225078688631238593788839902578736388689397973244980274022260885809247593012754641060239497498947708603456
-186989451947314140857680697753145976954063689102719571784364850059160229461003870230
-186989451947314140857680697753145976954063689102719571784364850059160229461003870230
163420177412494683695019223805322652209599654557718155148991071930135242430595793110198937752686959961908269321666838419898966619172380407925820560287514845756801364834095382659346991172843238001828968709920333769925900157233709499339719997352244264961762935555704508287693214940161067376789042972404805900754479076101603781228238400
1258841499176301253770269429826455222712504139062519923830845342929453244358545175578
1258841499176301253770269429826455222712504139062519923830845342929453244358545175578
31891192274776017199276038495164082933973015203004817603233324706344740730543387143607325591181540510809993395592315517930924001733525291420820968046980965268098592511619166331110206187038169091169554694071859685010543117174644476325830242834956126007163676020404369671010773945525849255048907580675715299032888203576908306582610577984
-293817639772230384499475328272532048678790242049898756192351299052508739185035370820153
-293817639772230384499475328272532048678790242049898756192351299052508739185035370820153
83653099015952085994835192355831881899370383422952806116454231787029149596166583858065676921490443024120015978839989721043179031220257253354212752610666191567289072601432264498361787011589781040130689745089994541128228703892049799793310592517184297400706355727420770398571315175321132055612798679197375940999841481824110608446389601231611234137569
159487772511518955430790500804179816544687866824355511807251148462448790278398583913970381
159487772511518955430790500804179816544687866824355511807251148462448790278398583913970381
20265641120476623085272383016130876908073128705339627904614738860847755530271646816021187847687640061935572995590114408482456603659516783631981910220884831913276987219188637250236783285117044319276963756486458583918615597225187659661153490860201086020014378220334088675879521052865854886713996205631672188700640760935479380241832135772422488139129668032841
-1481813752222821108873551920575334426132435909473279114061711365812578001650620974107990238
-1481813752222821108873551920575334426132435909473279114061711365812578001650620974107990238
2462015291278903758427235527597673953690404899973901916223518137709332393025435360093046308743380033563987331272764355228050388877386986956665455273368864413506643983084719663036471864056777942910809254841502648427792281827947684167053372795445977915536592149212781705913168339351546774874258799045329866595800063756413391295804073796212149838647143477594856625924
-1919673859289735883967809846371474917070239612635895486437677428261848838333555135332267485814
-1919673859289735883967809846371474917070239612635895486437677428261848838333555135332267485814
125226574216312374719620240890494187814283126810557005561440337070974184710824912373262871731556317246692165016803174229073366737429145050321248959176253996178634405030338013920321859637904164946710791035656537721077278858737133777411606945835633081107542983093018483720141971600394505884351076562211929416982506177599594837731870447101300222432113898102740791484097309957696
-444713742492396006736758874651419340755334236197727362694006565389325810841546023722962642719084
-444713742492396006736758874651419340755334236197727362694006565389325810841546023722962642719084
8446465918367720254507187588651318101518191828260312491196959872652509936516746654211905795721578518505473716049246376144804481730912640722648818034472003293658595477836126111779265241279978293024563715040230981252426904851911161035553719467884507390167541410370333364820887877561501450402679940623037165263389630357151507641353446786684880194117060561447926471135551384701314345216
-33786707708134234391540649344435318179945474624435535551272405369547505486839360710975317798604818
-33786707708134234391540649344435318179945474624435535551272405369547505486839360710975317798604818
1012303993788143068585378355919122063635582191874476089089948653907330834591871716998272315775294227012411660872373801198494405352048762303522028274885179171413031201612032196017338487248086215692548801091462203915090681863043922878741313036856865164039815498787492072494445201094069552726509022047571999463205627950266660899503312990091009945122575255567926673781925457391820170300836802624
-2080588851190249741779645594823899634575785124003315041743224598698553574351140246054780958898093871
-2080588851190249741779645594823899634575785124003315041743224598698553574351140246054780958898093871
6694271231777965022984032720218702277790431618296590490643704202332103155450915815904069545989052062144234692776874650112867592234148357715339301315876200230547511998663136619783440989413031957837070037954191918121433290741096589238627726064608424776210090359647797510023097685578824339096587980042164510575167918524007540196855885608709790880128385051858166579254974854047400635253332199540837281
-87823215736865996336186563500223210005307661432256660045401897062187663697544758216963366157539759481
-87823215736865996336186563500223210005307661432256660045401897062187663697544758216963366157539759481
2153423026880078851244829201581640828738406128218095321186595849920165816281761738380549545538406559785518058763217612864713827457454843014893618322264512661199379840588189119351648714373888899964458494574849477133901737503403268583452755800945091630078631625891971499731362655276616281774349827201767507958182084004238671206756156184572552676863583921941744104636112154287982406486801330502959445257781761
38398494943553445064004269722100532896685688046359242026716519871481619302245624619772644352041333027060
38398494943553445064004269722100532896685688046359242026716519871481619302245624619772644352041333027060
5472764656507399052178981040090896501833190102399406891336660572970735597292682683916848393234147675589639794851856802931326311309526936099674895919894099988698636614342870716432007797530374276762127263615278411305643497325813957610060628041784112602843825446570559214540676024183706351322838484142465080720819391169344773937793433089179153003828753269565179210598184923744911389505962199330742113387743731776000000
-693954076901865789274074747847393990038556520756202455536916860447238041804598726223402149235385646524144
-693954076901865789274074747847393990038556520756202455536916860447238041804598726223402149235385646524144
8274442394402936693544947321573393907549515181896243436083370174459351101311000392052018944589804239497902869743087800154257880255093392583585450284212146478932844813141377199797817510907654066620395715676835159566859351037263737052557743231412710805897358934313808834028251902354322136898876644747097629062764132382890709487337795593794646583312868427015957589800638344795062726599150470789252247450836236859438268416
-789014591728663798625562254150054195988180474596910695139083926119049106243373926761780602388882630639014610
-789014591728663798625562254150054195988180474596910695139083926119049106243373926761780602388882630639014610
589879641551124154745606499334581312480232353968087172876011608857579925590920964729867924131747266149750608590889048686736648904716742959627546062116154814840573554974691972172193003741406837789527564107401779010756598788500591726542740916701185579174373908658432701761110410875838392138214483365177421412378115617365946937535663929100289284116174406230889740917938831565100564438044109536853028576756139189076008421740054201000000
-2268576549226432879209625701892329344535504725196252077573423239692199164314242831543674584162989250351685892
-2268576549226432879209625701892329344535504725196252077573423239692199164314242831543674584162989250351685892
131850527071038778332222455599020569189436716220722181379838247000904068042399752807868667177579442958583182053396528647391427606869336228152755314986468921924835724974015588923433844410449530087295284289817486602953017092770160076169847147976662384474628366794489231659244799462790022594612115773597461125552453930319745988794680921181938352496699451895089138224720892838239064280629734492942146300813915563612083275108723573415272704
-42385242842940662417951938020212031989630858211535873730390155881594302670949845806587994592936950273462037192
-42385242842940662417951938020212031989630858211535873730390155881594302670949845806587994592936950273462037192
1328687261690457827634841552396594611079406108987898002806160396086497887229008613418816852724931342667938216894954914136050500927244283716447007959206797700501601677421876292432097076832505123483481277987062831305057852852257652837151146614740083081924258730391446009423254501151939327315468377581495689579631191966040511444853442965050514225086264603795679635264724358141107718178670331788518463213350232464467221341359250689260519424
311471009770236851696663707376058092619415547776978795708716485348132555266534008505491334676434996781135139624648
311471009770236851696663707376058092619415547776978795708716485348132555266534008505491334676434996781135139624648
3978702487369447834858115099820250803722505694319984093790169525699103049596122097113573535413178571857716668127024552675671104550299688056763053239838833391093282963192438393662295914450473751400711260471704899079516891327342528439317641374308948219269872866167882668588709067270292844662389382828681147615030346565880080477278128918432546270282258088418740505840629543940087896443554408600294573439133163462164030883997995783898039869290836895706906624
-7866245083746282523910497758391043094199858526745837973945848991870664555277275109145162020402612474827950133953952
-7866245083746282523910497758391043094199858526745837973945848991870664555277275109145162020402612474827950133953952
247182894566369660354366107208882924546868966988454630047581723222040514274493456605883697173269255123985617696078757194917651933737334981084328561218430480542276422511436417653371922476600497041468621008766998580459133251829501693667046368390463143833356064029178362312075365131352434958065357729008711796961877489838230612109768880835087607960437492424760683164911622208140323832745951763546373624471113838123518086457408889368493983834721852198628857284132864
-1210635557278587833586450306909067540279618987959238757354725669649696395369817453566586279317145483492218831178724251
-1210635557278587833586450306909067540279618987959238757354725669649696395369817453566586279317145483492218831178724251
4615617710391017953768276413350286357679080939712001601365869201953866745505188437774281822140565524126907603102290036561766462074943140093824117024530569783365703868112605632946870717783719411134074027152698268547716050942214450383287838923160372438040676017223378065467585629592107920113463665181565322894295824809285392894567425798938706956303697891318290913522308416664225185791412810681004671122083448194220616228259307119179953873134478419926247672164112849572121
259245515849482244778759520841875036498109746408394892690403130709218446137668625111643109276949433462146747152166376007
259245515849482244778759520841875036498109746408394892690403130709218446137668625111643109276949433462146747152166376007
26509271074336757570744831170484348742998220764332630255762148132711968254131366351942343686081474079433188683059566105282836149007181108848056740639405109225499961816152805925313964838316691336300671148192402001943479406382477930587064316036610215692372575846850676566480973910828057585033792690024750688992274438898434551639303881433139515781675175727753213565478112743144343886613878035216733473783093681461362973966633134062135695404748502537460757009187769706577131004196769
18686554025634263524037880323004919300244743292915624651734199563335120387233976022451738362248199755815735681357852417548
18686554025634263524037880323004919300244743292915624651734199563335120387233976022451738362248199755815735681357852417548
67429813579531279625628263151513791227322074769674494368096916592978067527539073480103419939427253467726059732103446597368118641803946747111013948020947903744539728476374064585951670414840456182320019827946793900530191862876239807491974206593930610589346083243388489207408056688215430462295612850342324920076985101436932465098911136864231579401004606206869454284204769126019612736610020734227743887371507538758413339886996378556295327156636687569258363415656364674436962197172265708944
-2444376668191158465145444199882474948121794456213480226344023901883661493265115969452525353743750961681483931491131600303777
-2444376668191158465145444199882474948121794456213480226344023901883661493265115969452525353743750961681483931491131600303777
378960134078220110971219247874788630638405483077551627344199856719015043110356216922793156685830560126628817617963381845431528540193422899771353979490994037734280227478844474022244032357427551734681479185222998151943424663372398350768857572774845751194272873716481035165027246072421249852347398078632351725259833885010346920688422466360123697657518821897622341317592526764857185531767624198494933047375555581957254502997466079012318748237694901288041825015260060528719431988208088178394610101809
-17203543133400392960857797091596970109081494811957493211749156244186651337215722892589898170394672989089133969507550986785145
-17203543133400392960857797091596970109081494811957493211749156244186651337215722892589898170394672989089133969507550986785145
42017077652451100179205589764500619415689760461623677673513158862652859344372427272463153742411907333659332416717990933010669467504140068179958820192641425879316038994276373299713504713399698894969099328870680231193871489687347650363885067866492434946667238193068894989686234479481172603984264693818965757125061730579389835497331880327750212012065774545329949473813324151906144548579011787849223583913141256627537294571803863170131414122179435104446915800501978875314604273505800976764238357445025
4457493173425892566465330031082599443948798910809238849848215377702263686340726308374321762774349281875711468876507566562554842
4457493173425892566465330031082599443948798910809238849848215377702263686340726308374321762774349281875711468876507566562554842
17076238505091603069008402219781438707602733895048519144434922213971780182332738437910498095335886526687973417913527320107760236132972568641064577974933214602333857592397142716331049113713874062492607325713380311955679192373581774745971216862994092133397380926568299669007108466243682533139690898345418173696783229025971611532216583948050324155931250871728281705024047974144183018112615211401549652874898326886523795648731869051828586407836488536619134486316853963270369646147477311718644647468719619806784
791192776087739044445396831181123240816560060127430162956784869125790623049500364602750814226868965108803905550642321931822094829
791192776087739044445396831181123240816560060127430162956784869125790623049500364602750814226868965108803905550642321931822094829
2343101506343515294880715721209302438133381074488182720593361749201782517069097415650268185369841123487882575756973509913247874467464212714809030154808578575402192176207938476500231824640166626955077899425178581841808139179793854401348187700250688466675618714552289396779055715554902426568235937794505197572563048328427057949942410395719723787397827058171211514770816308093439636022776264217429847588303448741259456987053866580569683517278244962703088199805392940366886977812760642300282905640712049496201741888669001
406248905084543778795451993455440628592247946072817843746054317561149566094610040671879234768990868608924360769721731492522115046628
406248905084543778795451993455440628592247946072817843746054317561149566094610040671879234768990868608924360769721731492522115046628
25093460221780529154738067225200892960260255208476558326864245379770017518127834612445216331834159190541177825329925443442387221549647980702201001368245391538643697736071743373161584896377984717668195625719612619101378901184294292196405232942542262816735202082999608360110120534696503698859185430295475915345776946711775527587947536212251922058855638590620038041730752694873485368660200568834487826459680444497931834945561446341467038797556312273615238922853883161866301614543639126346597458140279913677221140541677987592511744
20472325331140608886819336402669693744803217944629351408767486580143143598097470362163080862836546909638775686829531159953543881042610
20472325331140608886819336402669693744803217944629351408767486580143143598097470362163080862836546909638775686829531159953543881042610
190044181147233227338942231304966442269054733345465354968269737972013145849619246479068223701913669237972769326091224364678444372336004464937503542797106899295340025025372478836043928290742427875492187972681499932966884502140507271627635885444730066062820113941787598881724951093134448576689745786506243576015680205217621334269983758554069612974915777768228135903077646657329384601984552239543641002692902371244727517599854418940820339736771284768421016532388556277071795443473366767541533628264031530328698088089839354218697081000000
3138603563000968573875465320811315229931264513764036992494017251343760068704239318417428198163141808882844882769845455351359744598172404
3138603563000968573875465320811315229931264513764036992494017251343760068704239318417428198163141808882844882769845455351359744598172404
58184786685507265505047448717613696023353449901061108502124856908203110660840389190729757510357399634999179938429276459344399012508465817103469217011270379148863146420579728928961339219625878462576840767146530512455152756063264990013522135616635215951393835402337105638438710917631914505157294395493177593699601499739534213636326985428541790914793473505518735870448603409155895575060151922460727627965286795962196112673982864934055463594590386534798206682281513477830939703883356567680182931544758109604729061531193132904987228939008000263056
-32269967862372124398659082183377257354842549808375067448836745818396855183982770079040519251825192735820881949494620017701230245470742035
-32269967862372124398659082183377257354842549808375067448836745818396855183982770079040519251825192735820881949494620017701230245470742035
24711583792527688724284466981155959971811566216644035811019495293998971097533756570465323035698924245444860292674738413390082427344557686627877891350726392044365085262828084963093930856066805412866489237116407597504511739460632648914657772629217776072080845663294679730751388072703293377165846765742196355975337623120559600985164578614071803957419256236722436132345827440087073981056320342624506020491813660439536924365642683959424802786333129395674192339489648436809544461197797486616874890605678099853815575480509794133089557967243358647015625
14423463804890730330992839848023612607911962155156298124073231827205729926015841453587684283301686855631511007177768328999352249163834261216
14423463804890730330992839848023612607911962155156298124073231827205729926015841453587684283301686855631511007177768328999352249163834261216
11061790972962550936979089805237919732742926726711440385033958037268922598373232495618840568414561969694201195321590403872447234635672989833443134880225023719797440239620961948069577268932311041607004177929587680743263618206930806329104215993809214445819279461351555058623594480629098330525553092415420968120501621957476582848633003731366308412424421866404337121403485874615924806255634977980736195708548019057628686162177778698458725253828650839278738214771060768537271497007229993533388542150964405748968851038731803910292202215147561043334116059824521216
2240023227246591045756843673881944748025138107273167579120436167123439594547092638739456758089144613660061986048720219910100070541863003809305
2240023227246591045756843673881944748025138107273167579120436167123439594547092638739456758089144613660061986048720219910100070541863003809305
175503511708519917230456483188959738338306496503628834898704684864062895652756368117338271414415636687291026327571676338614064489742284644752123133660698635299979657189791174092249190088314165978413571657154514598930368735459101056694154617056773477705316344514055391872944084368587836739551805050236276589601019198342665903080697051361258196976512686513982422733083829063533530979503544957743343634901868631632800093632756250727561214718146336142406289305043762317800210197271634482552833390746620075560849586079419346050730912541394609096567347934287676861528163025
-216217963484436585669468371663698867849794931620769007287209214004235845818400770028034585103276449700741855897572550277580749159522455181155188
-216217963484436585669468371663698867849794931620769007287209214004235845818400770028034585103276449700741855897572550277580749159522455181155188
119182286295824477687031054033795047714663256228637874253088593297285312137593654019559439455377178666626263699763575867998767325434044129142948269061644072126605422866991326501575419575945604794652242157085352454122350237150230417254356915778083497377081427162189792739253645541697624874980186888447849978234945311132788066058879815716511595334204524297407694427433188228817495309917639328258738610341195655077945682110699930242380123381138500003280319592694578108190548309143748635724667638831514750604073189759219450610585641799594279916390735044794940337068758650455184
42602780493445468853613816105641443342231463787826251774964479103078426118036623260031265765600430811591355556937735723450070730761683382504135814
42602780493445468853613816105641443342231463787826251774964479103078426118036623260031265765600430811591355556937735723450070730761683382504135814
2679310304672403758069131850816881072204369429010190218501661178964117168979841012987847531521172667296278138366308266494574425423206935983401154117510217870105732477359928564496127096169242085173044427843238026511314860542360709949693482324122707601511827366652015871456129840820650247535459409945437471187156521117741881514815380391885218453742220979696309072477352794962149677061941462920029360629904049922152331994662299892667812244582221685297006722874347084194127371524293854970361255254367212694004004805936692966532209069187051617485964935597287947188469690804044596735708736
-2088889009568749486231409681653938029524963337993501960676127583571729362255135683000662487625827305505698547361976325742751883397018866075907834380
-2088889009568749486231409681653938029524963337993501960676127583571729362255135683000662487625827305505698547361976325742751883397018866075907834380
27786536852026597813254261420252527166822666568438135078588475080603191614689399269320398884384266312807227995760602781500967865734817492265951644485350565379166965035046648248441647948129301273791340016718356812204120888252870610969429163162623780440509734876602645340942968941538913149012816706560358478823900540512274207464858995760926422240878547965582016757008287628222399696084320272636016992956921320040768448761977622257830192788380186231048618945472494087512387193342969640141653657369370921088868625840039690126015912396818042769530975703281497343314476494574012032574482240250000
-41116988560621754534447624081176844274614864584735709019820313036156487397203864458951441766432500262352808760262287492255237700002645852094477866432
-41116988560621754534447624081176844274614864584735709019820313036156487397203864458951441766432500262352808760262287492255237700002645852094477866432
8151138085317552975845228788169451890070554412195587009330043479703114899353268255608583886063253489742436689804179629115197835633098353973788568154080549793330567224395661381776273291943450580904982541482292431558709772606770597946018479975896059751153629589027367981750115042574748981555429573424798694451250774330462063139717195834011660592985855081706743379372358202447245381357774859525199053268945930099444177596125849491220359087742270548046384853846496461579494130819196336125613500469043426483856676741048812322902192868810981666580929885920656316665019516543759496618972098668318756864
-3018357859066923190685284355413314198304596676761629272768420406300184554054327715780418061934319185323876704046106827595001226050529000810135370202280
-3018357859066923190685284355413314198304596676761629272768420406300184554054327715780418061934319185323876704046106827595001226050529000810135370202280
8530722163286111227433535600129182182791128398563390722082004163334111753726845389288020330434812922937077272671020759023384731797124581401722470796420701465308558140797023383386366590402816430263719646126855272420864190535613332656860807511640649137532025585117563385957717132420007499921854847745790303347603872700205683394131640686625650448921189126177650050066396062330815718816099527221414067283338695566728619564752675403002489079684037613829290610766883575721350330670151675089234772738783282776951974576995065390694680008528689669436299795927900954890568609271113385825324137189925900544000000
-4520193834019645777948278227299589253736026350256648331390893255153443605904228430692696030764245498616049929449527694448092878252619333693262026028030308
-4520193834019645777948278227299589253736026350256648331390893255153443605904228430692696030764245498616049929449527694448092878252619333693262026028030308
1842308654119828737540286182937792298719271300397703247190728393115259712315483417214067318535841932604132948616986734494311056873599036086141302610741076062705820619959885424021752368905817992590421302553700190311565350072452894639081400383431987177908445815941993809742209317261979193840673920900552438943836804094715232620716179845268508281589553025110789378338956989291173938521718277653589684879617215014753736383554005839101355724422772924285395224103468476927056416352280043904016742227767593225792381196308922542172571616843140525367216425308680147977777049804130657186977029454518851194362033829441563353344
415744366823907849632970576915511543009524184410170934976500367640327346142266522493707852508585629299687714057316103687288962108799074254575190959886687220
415744366823907849632970576915511543009524184410170934976500367640327346142266522493707852508585629299687714057316103687288962108799074254575190959886687220
15966560153629438896476412696817750966219599794843162391617853761757725391747001820896061976163958827445758279853089442410556506118071693159516676017217685675411219461881881550626172057703779763237534008905699322148314928683006592026191231354834160226917522289931280352927437930333936599697256077930132069444620583073478655452048567427885259796243444168725326297971798755225311379948046775848797328731732397815996985004564109359906748365614325733905870175743441433615700875664296731473311101243276574391257155236503984171211957909866268370097134801676865039730858618278446950075056283651371412339426133877974965441310726400
26966947984192295750670267745639842048067778147267833504685104865568608262229082464844916027073340074450898953383171043146870193173832611549401367862841539250
26966947984192295750670267745639842048067778147267833504685104865568608262229082464844916027073340074450898953383171043146870193173832611549401367862841539250
143463820348346150117379000944258752290285337767174847885590629131992630729862823558885468927332781962150389645201713734563103412817248925820433096526496549070453713246027730595333628728461541143319269327956895962784889895634068968157150844704343703813105148454509239180836634906481492470172908443650038482454328965665724889006620386928664062938418981565647336526599105847703118798663007523407230947994490105718492887155311531226371418910040558556401530739008053673486005598298800000231316820815098887790768390264400883329227788077776061646105492928207563219199846884148729090921253700054572133361374672535243209909578344726562500
-1750433259386077412809818604867462252300454660312506705768224741392824028513750661800794759905931320512946149107797585449983409621539752894117719466015774686342
-1750433259386077412809818604867462252300454660312506705768224741392824028513750661800794759905931320512946149107797585449983409621539752894117719466015774686342
3505805685695595945900890217808266768400429707674186281753394186476518917040265190925076663662852464419703125680495569269004143015569686225285628446032114860434333648886963601681561073301746657415485712945929893229077948901191650908947960114957716279104838572730413161611157207445598174387298857941107196451897124784999933319173240998687964624478833758772025109679421353164818169340647697148810698662599526349550978129753879081564666916394830966875377623211993668330558138438350572140859806361409340162242231612162033135559700519639796974824121449669844263558750485580836637778298592869376827829887156867691536120836981644043249565780544
142933326144164973433940669792469786962707145877084804475302417502574665080219303236377248806750638732708270107874181698514184069448833031840032807302871117661040
142933326144164973433940669792469786962707145877084804475302417502574665080219303236377248806750638732708270107874181698514184069448833031840032807302871117661040
12869108284286632237415118170145179791756660243514757678260448505084815914436976213273881933495790602541324680504940428408005078807448961295300870545058276712826835600785503212272537407809480567576903631358110295493734295542804769140379730686656153013044065365984239090858973952130594964719646073736044422096786652212761959413935886490196193697013174778148417187291668411303355613469005962927825216479880087947297476186385407332689007462543877647004951267901148089234064213084365653139243229368651352409603104260299914210866058381037936272531252306251169518158676713557430481153833796504635954357761979864390121923920418495231599354472356000000
-9567041416273014235660072061122359127947344720085911859127292372279606783403029868569821620433699548133039945097857999933877554751129545005778824623015588961268386
-9567041416273014235660072061122359127947344720085911859127292372279606783403029868569821620433699548133039945097857999933877554751129545005778824623015588961268386
44312645070640646058725259612071719443312683387175703938757290541079176521466691908218420484959116961342007191956175495402245681921613217273579197837101708865980538928209332463946193634125099623790086946101547908429737690867160796982891326754509191541454683603030311328294211722037859340033944121135618516656195973722910385364838102266556195523778418788718744903564376185662123090795167215906497773898028148458880471871792280203017630854808649970509858852482212457762462886684533309681648743812753892489556602708289456846825611245579132910273233177657863948502585481785840939023524781889169902511288835023816674609043399261165645455790557740274516908096
5473724979451323410446084405281520666747527558147050817771312862655267795399239996297673848283514560393871276239874438088470213110677355672416184447247072145544152350
5473724979451323410446084405281520666747527558147050817771312862655267795399239996297673848283514560393871276239874438088470213110677355672416184447247072145544152350
752661097913444357272389757387150621127626565621034375310085246936600808718251578924804408658161279973648153431726735709910470952378844082307012571150501029014118163353086303802211030194776200852823408633920609681942872139939294397316333376322941482335412440002119040974314650882827775233688891737755215778631496894861669828391728425951708430519578691692006371042513221672485582810110186577628544428931369888483462515013689305148885913810782914962347631643966816556754761183514839706765545682854644086307534833045617101972294064124990744391902538526997299156637922460883192999522865287301591042934827353236538119666935390156840310069275275852193928734749225000000
-678995265736374261125872768174029988465964985439751122508716894755255125110039835600711583979210005642898364569450573444401778114935200302553065673179619451513526333952
-678995265736374261125872768174029988465964985439751122508716894755255125110039835600711583979210005642898364569450573444401778114935200302553065673179619451513526333952
268520353987967733225434508589477008614934393510934823062028878636332991049584741505496762319700368378401153531748593772305306528738385328586845741411369839146458804042500216505750157894319007313482977934571324150900269079290542990852737743731765973929246359417482601341564378454850021294656742048412990303081766057031787871394872243675799897251813635933536543928223051314369659267261882401091024852958743328970515083939462054572225035230218559767448932977613285353874273685399819702931063961976304834000197491974504431190100694465978675114628436404513066501246257201955329454242786526672763733790601088367641745012522108798602286984587938980693900838626415564675522494464
-18762822962405742979047183366938562000067765840188018495524813105087532129056045233196654799155106851814030081650396871034700045377980018597445687753985690325615360978635
-18762822962405742979047183366938562000067765840188018495524813105087532129056045233196654799155106851814030081650396871034700045377980018597445687753985690325615360978635
12387420498137947911143259628194825372794123946772903747114843758202634113859827759840953588150673582060772125760981510828186174057916789967141755906553849566157784150958684027755259494512782064295020943998541587568612906270145458071718863139523497238223442869332935388632822269141935646318534139027292658309185005916261574919442462720361791563846808948816929544947873487690524712604051926479928043438099959106412101949769012989082397686576431951637664199098511592603003086277406492785355585224070156415100355576366368542607775162516854727466340320811368050122757038458561628203660623711010301110906267730895696437727736537433589685097976013312274779193656548655690532948835225
1311835183020041640386154479163722911055540111681219014324533832138288178346971720775810774420885970912907757274560626084578928645218674748589458001974589034015248960201910
1311835183020041640386154479163722911055540111681219014324533832138288178346971720775810774420885970912907757274560626084578928645218674748589458001974589034015248960201910
4916549660165694739344785470722525034067092575941731189636910305855836242387073153147513614745859914636729803037261036531891928864991294198755930058168204050478555604849339675708834848130969495157476320324775774571313234476508347937254025598020770018296123893082729209917627994032856137533353741784354841437056173327231679768589184251914156510468058533643702725732861890133671885861658672388357792085690543169710769974169822667607914502945812327434370837629232543192080354586841867841349093036950457340719932954663299146823174075881660707616537007268256412712081473680493835751292674809115851742223040788661182830512132643595241798537998825099524755159252857449107846490298436583297600
248047564494821489858317468283792245913843759159127850716682005870765561475324631556856855580037898411455279464840081904848705063309023848593481516583184542622085480819991104
248047564494821489858317468283792245913843759159127850716682005870765561475324631556856855580037898411455279464840081904848705063309023848593481516583184542622085480819991104
15405824794048069939054363866631888019862783880076421195436758571782320723738329459094318252233267376869883725496310348585561652127066723364865908309174305632563754553450053765680521549121410055297802075217474761315397569764879683023986588925792368018356213287138187482387437174483366672630574464529217616944100559424385851860421241366454589272178687540439024223809757992559339066835570447054181177591751118674439405934055903527234536836422952415536278674446171505738417005540042511979940543136458445264838464913158065435533635393876324477887653878945016577557851319241878105765454473392602054391652528561290007455942943636140592222323460513967659868814459280357938017537335792145448423339851776
30122543270326963676598360946660684172006359801511625515542995854632156435462424227704859311399040033044917228196488718904951619252369608307236354522228505061314001820073848586
30122543270326963676598360946660684172006359801511625515542995854632156435462424227704859311399040033044917228196488718904951619252369608307236354522228505061314001820073848586
6221634869328435326519851260841606551698818759572661962527968853264453682001520134442837525365057840270138766275181423789261945838400667931208521987424022624158137061189045753745998894555906283407479911192114612312270741297061681440854788379797800991334365644016151076295331253444876729332416010615496807911399220964047066245591597520299842723878158209194126733860331634611321922056289297149729507042932685167274486625445113397859443663081945120670679509915180498294700391879443348201392126072748128311285237766901384053926304069806912673903399612728576078792749565080579837742955391505618512814148014000443481878997196709184915103373712277209204116817248855423681503446454408562005617682402250246958656
-4745557209513135993581660952863618956211375113354019063332449845067003876959368821296636654692054597201007031414580543292123416728863298816739489144974712005902210851004079703146
-4745557209513135993581660952863618956211375113354019063332449845067003876959368821296636654692054597201007031414580543292123416728863298816739489144974712005902210851004079703146
121308390170394160249400286846649502617526268667860751221919804066356129605391704749372085439344383564147634073388338533771521193464019161256699620716987159978072312320755383606605747675450149356572346747737222367261678986397244597847367526600730582495678658883643272191467022487537720447326113721292377255940499764079910889184080597475607814782208673730521051324767585192816961204214518868455957750375117343492219704506055050679848967368599089203246181710355554787587972806807683379719488825962030854706388880386579299899206754744207982097350736487278830632175215600465151705115384344535357449895697048794359686537636285039252254281985335218884844012779974645292869925595228888762701683109609108971866035602276
40016088485917837165006842184916396857857307819921868767510053279467104438159728848975533401106490869394936633301310217157131857177594685172431984694353259896499290276111554563418
40016088485917837165006842184916396857857307819921868767510053279467104438159728848975533401106490869394936633301310217157131857177594685172431984694353259896499290276111554563418
6993778539185716077416335369901249317412955834719568068980008914847837164561543259756224951714723072603234327752121149938935172497865867201515799868411586181633152683508266562598291132214197347564289372978236297088652689286533784917780264085258544087959666386065620737526187063601654344177110481419426448136633575749253236525644899322390292155228770176954971362309979467216764577687126230915114277279833259936623195092359722464935866902532889041810800208508738661909239603369107276665628209963966582773944011804393044407101364014651097112715153479837018539450339770871287876765853389712951685598877705689762508261166244550765764335232753134405369219367917715040348211988245555999966004878827937640632650408333217764
22727707072749637578115079957123920668874251646365934652302438451455911374396428203199678590780241152371785508055529870289036311224387639916316557250991268546559477888837052669255099
22727707072749637578115079957123920668874251646365934652302438451455911374396428203199678590780241152371785508055529870289036311224387639916316557250991268546559477888837052669255099
56158202395882333040478596570072328947814585556545342097149657342362616675471218448569249026176033373014212047869520199234556806002786097431941554015551062363468715254064293765092608514324575592497098559170935433359019970241007730102090789234273302085685172733915689434787465668829819109441677077399510713650084921295055164503830557219833100654261556596164845292463870134825537139648737397007641201212582751669714857726662301489017233117253145034446601017933514946752520197868926042759244778555049775428158436076761386556105563161419778106052665529368332668209044471286996045913956156287828946466839240750148352540414621540863963848488184210032397780347906682293377710263204742773672531429249227579728971454488418841084265241
-2638703899475877072586330523039229463740224498232564814453996878722675026856065214329176201342915116145436560332288369452427699801636424501006184920557833381931463847485420119619738136
-2638703899475877072586330523039229463740224498232564814453996878722675026856065214329176201342915116145436560332288369452427699801636424501006184920557833381931463847485420119619738136
66425399889435917664776132719477786849412121285120372596796230693931468022532209549289267145364337920570294995540600975428630958752972893346417212909196544615006504907205052210193513787629943736816044070761477345693711543964012559852870266814258956977321914024558094920342591643333894931151413518513474896681462152528753172625864958913507744092654165313614720868760330036278433857148740750753296601951910140545413368791441244412978845933636972144077980954833207065988768815396660694128522453812453579737262290351217446470355507372974253987562268063835839468720648651674119051369337120526071734877408866513023613788617269754130271168592963392754655885466271368757909437111142572716107297573604845953618906243666700672875344742859554816
344590741814896294548378359986182961905509485458044917653744734268681453228021467770055883080214482075098988455919629134601518082594559514216437301951598470689226178728572762630658001188
344590741814896294548378359986182961905509485458044917653744734268681453228021467770055883080214482075098988455919629134601518082594559514216437301951598470689226178728572762630658001188
7158313192168721232258353711857025438193446101444338518069223556643006927805321223005074754805767415028800221570536292165416426607186536770391408931083470952711612769526726588640980071895092280109283032402310734920717367138370502748286259451938953542301472954705474300205383891465092911413151856430182981466393303630822120536965949788833161832018935771600651595079664314240036028459720108366298786394346276941243106373442295219540626022501269123948139406487161921220681273990131543486988996648076672887646742824727731360643904713123844850620604047092027773366452021501345064729073985672456619476753513742174052531869206266647927878408509765924598605666252814417695994778588435003181679959162907523461440023105372430590204399026459708775719184
-9426973101370819341497871514479247406893944383518875387549776858269298143414719976560063976035717668731128671782359252998936669562513471144333161072905543200795346218876312685209658408440
-9426973101370819341497871514479247406893944383518875387549776858269298143414719976560063976035717668731128671782359252998936669562513471144333161072905543200795346218876312685209658408440
106439471217932678163770259631059194386542953642862993603650164362785991343274607665783597792545443794926612385552944222994176668789099787866590619175417030174764062514108105034835721005332853478546483289785656578218430421604900130608099083467927436503676794612929090677349728146472844494788161500431349262454293865550608606842975427811187331640118803161619264897905537709198947415178603668785851458270305268348624173944412073589435290766688273350127300877655787117817386199253307173976515856531301677393745649615530474406278378441219448841412529703061273678207814676667782235423531279651123678727011313038573935721539623013136376475758419759343402159924939767819480744483751571093666936150732400527046266475890903383926847203107751246990626348353600
247178717848686352787288280779333437640719965732626481827033974238536464295120099251186959913662265181398117142351727688563140016809339140457485534735562708205642875372345761658332958014523
247178717848686352787288280779333437640719965732626481827033974238536464295120099251186959913662265181398117142351727688563140016809339140457485534735562708205642875372345761658332958014523
91616372466943204743251675315040748889062937720784317867913694584976655531783637762638291967427807817164726789709663621545034814162050706468003091745715948874216547431206182234819798345187203583706200858069295133465608301588745169489031899431516527388540606070076662430027002760590242216782291251686704986629501489118454798518311607253590403273625689511246877523297923624947200976313503286787679755139025579795773118881320618978239642901256775938546831788820849343925719920586869825408884274854288416183915351157580421179452571770292318701692543702128377244805327925675939161031485934279704984579768016960271389016898216461550307317924296700641057450490168973817326049801773447039471906790812142383439681267068304713363459934331487035152047860424526409
-524379627746849081234566862688856368939781582359686325758414443273710696929388164418919529104642188813182714853537582940264968788555834413701031549408097784299155604198498808630108176360174975
-524379627746849081234566862688856368939781582359686325758414443273710696929388164418919529104642188813182714853537582940264968788555834413701031549408097784299155604198498808630108176360174975
158722748641081470760545895095729429929326275752463600151477992501086206719680284007533747507332133486711118243479819350059742344412035441128431322619597523325074163768322533939175885831910020028289730000281067211103818224931938658352477192822023835899977445864645249003029696008281554102725483709854397657021957122259467498288462486366564891268616721890937270239128475711964279150594740432919470780712155698619405854116747130169825810218543822455624123836039221392162180490149003408754065321559023343507179637616664341861472085112073851550285655361396733759998804360765951444843288847884371122327649728755468066535516506033061152047453304870100538586049612939939622252828940535599944827815256649956620317677092800859823426107902906152597589838698843113190344969140625
25862523932527134482192414366646783454340148227032925637921610450152145116990464735837394802885341219116186299968177729529379867582866269035489691998426425248511990490223865302346107540437222084
25862523932527134482192414366646783454340148227032925637921610450152145116990464735837394802885341219116186299968177729529379867582866269035489691998426425248511990490223865302346107540437222084
518343591209284350624571968580778385574038340056935470120886102874568472788967880973596683460072481494254707841244679965633964759407683943745629776175263914639832251473161213458011348966391842091096936297458370061154302457821514909917733752341713891488275242456543134763486418571555608346731812408692481395329804675296874652140205456885135808271593954880446638872428914890069310447616775652123070853074803935655355763823135053901650893489165583582467799744849583263474370461919755616117041584370365359361320158609313197714534730700967613817888639478178052389342618934551620932834349310118594681764923230394918629413465195439009476479902622263609931940068311987514605494336824469322894185535390148410652785822183218823335440649995132300617755258137911453208594302055234483216
-13322685926527449778317590058407625449421093044515184017823519810537003411846176891394169298971049399445716224341417791744986211457554778168696192013582615278519447918519681904345876521142007881
-13322685926527449778317590058407625449421093044515184017823519810537003411846176891394169298971049399445716224341417791744986211457554778168696192013582615278519447918519681904345876521142007881
2747017262332780417353327715860062962444465680845072752757409255556882569335270968157625856708768399446623745732877213727596677850464045133760858857518886376539792543906156784432693425848574552149848678958008487104132550205596106261055387136901618780272080635027999448940511882221027775269117776005974466116845147312646925043601705919420438564070095631410287170464447866599769216625399626828768490568769595629208257906894774366993331872703869584904406568422184284254285714075402518232118564276046076397605800888343925089321003171679422689007227073245851457205167810263271348895384971931764138325278884920207912099192291675134525476137856658857795448660483675189111939781146911730615109528913070789863966542003721944958962850330641958069486761673846920737630668089994922218302081
194835006090643671432509345521982148398822268176828253882395343687182913447815745898308934708821649670127226389108575363181572635319621221402599010520352801481705370900560842449733204999430119271544
194835006090643671432509345521982148398822268176828253882395343687182913447815745898308934708821649670127226389108575363181572635319621221402599010520352801481705370900560842449733204999430119271544
1446698594023531375883499344172748861447242885463479954694501043209266436431414107950735379860174523435158736284982755409471111199753316566876068159055085657369345682177447552873288150007256053183947953027379508750609077265371567347856558089805128707812381007810579848203268505813088919606112561481391325104774788640825309896248944971089303392920710284228082745600551292686493698881439057213501554636052901940222761446933471798508147315171147657696690576081774943770235471605849981163806573886053154617313768977983772819380318533771626448323205592698676784797087696589264419592007725997010806122534733504641215165023442689638584250124717537757248142075532112008957817159546640347746931833087264771696923565978262781252091210244770931129365492612132480900800760878851780516680608350837948416
-48313176407339931393618642883807632504055966207478940773822158385699837958042193100221314289611638630961641537992976177903665053028794494726978090505229816749614102583729966260345271403582965371160954
-48313176407339931393618642883807632504055966207478940773822158385699837958042193100221314289611638630961641537992976177903665053028794494726978090505229816749614102583729966260345271403582965371160954
9850015940736000784926586869480575857940211863587769161207965684137054701660695509309750258982491705014541625240162847995784071901990731004411352130175247985734551612486409050771945837790863788015443750774868402757178063282381395611263609296991736413853535300882776004120027710372503191515631206664669517556622796930404649045418857931404331627942368573244878606073260190409835992541040398662393269659505741682470413469541740898026247626695216174356896905007796082648539865437014301291277945380734447207995557828131027458004431974530602146935028217927204543743614960210654114509338694531963604604626588183900248913270562244703673299498392771890309181447700191556771160831228804907009226953952549477986077225150690707327043197697171906445107886055780338420452877468513209404368169164388305752258944576
